<?xml version="1.0" encoding="UTF-8"?>
<!-- Generated by org.testng.reporters.JUnitReportReporter -->
<testsuite skipped="0" hostname="LAPTOP-P3L4QPAL" name="com.test.ExceptionTimeOutTest" tests="1" failures="0" timestamp="2021-01-24T21:19:44 PST" time="0.005" errors="0">
  <testcase name="test1" time="0.005" classname="com.test.ExceptionTimeOutTest"/>
  <system-out/>
</testsuite> <!-- com.test.ExceptionTimeOutTest -->
