<?xml version="1.0" encoding="UTF-8"?>
<!-- Generated by org.testng.reporters.JUnitReportReporter -->
<testsuite skipped="0" hostname="LAPTOP-P3L4QPAL" name="com.test.GoogleTitleTest" tests="2" failures="0" timestamp="2021-01-24T21:19:44 PST" time="13.338" errors="0">
  <testcase name="googleTitleTest" time="6.590" classname="com.test.GoogleTitleTest"/>
  <system-out/>
  <testcase name="googleLogoTest" time="6.748" classname="com.test.GoogleTitleTest"/>
  <system-out/>
</testsuite> <!-- com.test.GoogleTitleTest -->
