<?xml version="1.0" encoding="UTF-8"?>
<!-- Generated by org.testng.reporters.JUnitReportReporter -->
<testsuite skipped="0" hostname="LAPTOP-P3L4QPAL" name="com.test.GoogleTest" tests="3" failures="0" timestamp="2021-01-24T21:19:44 PST" time="20.806" errors="0">
  <testcase name="googleTitleTest" time="6.514" classname="com.test.GoogleTest"/>
  <system-out/>
  <testcase name="googleLogoTest" time="6.604" classname="com.test.GoogleTest"/>
  <system-out/>
  <testcase name="mailLinkTest" time="7.688" classname="com.test.GoogleTest"/>
  <system-out/>
</testsuite> <!-- com.test.GoogleTest -->
