<?xml version="1.0" encoding="UTF-8"?>
<!-- Generated by org.testng.reporters.JUnitReportReporter -->
<testsuite skipped="0" hostname="LAPTOP-P3L4QPAL" name="com.test.TestNgFeatures" tests="4" failures="0" timestamp="2021-01-24T21:19:44 PST" time="0.003" errors="0">
  <testcase name="SearchPageTest" time="0.001" classname="com.test.TestNgFeatures"/>
  <system-out/>
  <testcase name="logintest" time="0.000" classname="com.test.TestNgFeatures"/>
  <system-out/>
  <testcase name="HomePageTest" time="0.002" classname="com.test.TestNgFeatures"/>
  <system-out/>
  <testcase name="RegPageTest" time="0.000" classname="com.test.TestNgFeatures"/>
  <system-out/>
</testsuite> <!-- com.test.TestNgFeatures -->
