<?xml version="1.0" encoding="UTF-8"?>
<!-- Generated by org.testng.reporters.JUnitReportReporter -->
<testsuite skipped="0" hostname="LAPTOP-P3L4QPAL" name="com.test.TestNgBasics" tests="2" failures="0" timestamp="2021-01-24T21:19:44 PST" time="0.005" errors="0">
  <testcase name="GoogleTitleTest" time="0.002" classname="com.test.TestNgBasics"/>
  <system-out/>
  <testcase name="searchTest" time="0.003" classname="com.test.TestNgBasics"/>
  <system-out/>
</testsuite> <!-- com.test.TestNgBasics -->
