<?xml version="1.0" encoding="UTF-8"?>
<!-- Generated by org.testng.reporters.JUnitReportReporter -->
<testsuite skipped="0" hostname="LAPTOP-P3L4QPAL" name="com.parameters.ParameterTest" tests="1" failures="0" timestamp="2021-01-25T14:13:58 PST" time="8.484" errors="0">
  <testcase name="yahooLoginTest" time="8.484" classname="com.parameters.ParameterTest"/>
  <system-out/>
</testsuite> <!-- com.parameters.ParameterTest -->
