<?xml version="1.0" encoding="UTF-8"?>
<!-- Generated by org.testng.reporters.JUnitReportReporter -->
<testsuite skipped="0" hostname="LAPTOP-P3L4QPAL" name="com.crm.qa.testdata.LoginPageTest" tests="3" failures="0" timestamp="2021-02-20T14:07:16 PST" time="24.126" errors="0">
  <testcase name="loginPageTitleTest" time="7.040" classname="com.crm.qa.testdata.LoginPageTest"/>
  <system-out/>
  <testcase name="crmLogoImageTest" time="7.225" classname="com.crm.qa.testdata.LoginPageTest"/>
  <system-out/>
  <testcase name="loginTest" time="9.861" classname="com.crm.qa.testdata.LoginPageTest"/>
  <system-out/>
</testsuite> <!-- com.crm.qa.testdata.LoginPageTest -->
